2026-02-17 11:42:59,002 INFO o.a.j.u.JMeterUtils: Setting Locale to en_EN
2026-02-17 11:42:59,020 INFO o.a.j.JMeter: Loading user properties from: /opt/homebrew/Cellar/jmeter/5.6.3/libexec/bin/user.properties
2026-02-17 11:42:59,020 INFO o.a.j.JMeter: Loading system properties from: /opt/homebrew/Cellar/jmeter/5.6.3/libexec/bin/system.properties
2026-02-17 11:42:59,020 INFO o.a.j.JMeter: Setting JMeter property: vTHREADS=40
2026-02-17 11:42:59,021 INFO o.a.j.JMeter: Setting JMeter property: vTIMEOUT=20000
2026-02-17 11:42:59,021 INFO o.a.j.JMeter: Setting JMeter property: vCONTEXT=/operaciones-transversales-de-producto/gestion-de-cuenta/ms-cartolaelectronicaempresas-neg
2026-02-17 11:42:59,021 INFO o.a.j.JMeter: Setting JMeter property: vVERSION=v4.5
2026-02-17 11:42:59,021 INFO o.a.j.JMeter: Setting JMeter property: vHOST=api-crt01.bci.cl
2026-02-17 11:42:59,021 INFO o.a.j.JMeter: Setting JMeter property: vAMBIENTE_PIPE=qa
2026-02-17 11:42:59,024 INFO o.a.j.JMeter: Copyright (c) 1998-2024 The Apache Software Foundation
2026-02-17 11:42:59,024 INFO o.a.j.JMeter: Version 5.6.3
2026-02-17 11:42:59,024 INFO o.a.j.JMeter: java.version=21.0.9
2026-02-17 11:42:59,024 INFO o.a.j.JMeter: java.vm.name=OpenJDK 64-Bit Server VM
2026-02-17 11:42:59,025 INFO o.a.j.JMeter: os.name=Mac OS X
2026-02-17 11:42:59,025 INFO o.a.j.JMeter: os.arch=aarch64
2026-02-17 11:42:59,025 INFO o.a.j.JMeter: os.version=15.5
2026-02-17 11:42:59,025 INFO o.a.j.JMeter: file.encoding=UTF-8
2026-02-17 11:42:59,025 INFO o.a.j.JMeter: java.awt.headless=null
2026-02-17 11:42:59,025 INFO o.a.j.JMeter: Max memory     =1073741824
2026-02-17 11:42:59,025 INFO o.a.j.JMeter: Available Processors =8
2026-02-17 11:42:59,031 INFO o.a.j.JMeter: Default Locale=English (EN)
2026-02-17 11:42:59,031 INFO o.a.j.JMeter: JMeter  Locale=English (EN)
2026-02-17 11:42:59,031 INFO o.a.j.JMeter: JMeterHome=/opt/homebrew/Cellar/jmeter/5.6.3/libexec
2026-02-17 11:42:59,031 INFO o.a.j.JMeter: user.dir  =/Users/geielpeguero/Desktop/Geiel/supermercadosrd-v2/supermercados-rd
2026-02-17 11:42:59,031 INFO o.a.j.JMeter: PWD       =/Users/geielpeguero/Desktop/Geiel/supermercadosrd-v2/supermercados-rd
2026-02-17 11:42:59,035 INFO o.a.j.JMeter: IP: 192.168.100.72 Name: Geiels-MacBook-Pro.local FullName: 192.168.100.72
2026-02-17 11:42:59,043 INFO o.a.j.JMeter: Loaded icon properties from org/apache/jmeter/images/icon.properties
2026-02-17 11:42:59,439 INFO o.a.j.JMeterGuiLauncher: Setting LAF to: com.github.weisj.darklaf.DarkLaf:com.github.weisj.darklaf.theme.DarculaTheme
2026-02-17 11:43:00,659 INFO o.a.j.r.ClassFinder: Will scan jar /opt/homebrew/Cellar/jmeter/5.6.3/libexec/lib/ext/jmeter-plugins-manager-1.9.jar with filter ExtendsClassFilter [parents=[interface org.apache.jmeter.gui.action.Command], inner=false, contains=null, notContains=null]. Consider exposing JMeter plugins via META-INF/services, and add JMeter-Skip-Class-Scanning=true manifest attribute so JMeter can skip classfile scanning
2026-02-17 11:43:00,731 INFO o.a.j.r.ClassFinder: Will scan jar /opt/homebrew/Cellar/jmeter/5.6.3/libexec/lib/ext/jmeter-plugins-manager-1.9.jar with filter ExtendsClassFilter [parents=[interface org.apache.jmeter.gui.plugin.MenuCreator], inner=false, contains=null, notContains=null]. Consider exposing JMeter plugins via META-INF/services, and add JMeter-Skip-Class-Scanning=true manifest attribute so JMeter can skip classfile scanning
2026-02-17 11:43:00,806 INFO o.j.r.JARSourceHTTP: Requesting https://jmeter-plugins.org/repo/?installID=google_cloud-40c7114a19258b67f7649acc925c1a94-gui
2026-02-17 11:43:02,056 INFO o.j.r.PluginManager: Plugins Status: [jpgc-plugins-manager=1.9, jmeter-core=5.6.3, jmeter-ftp=5.6.3, jmeter-http=5.6.3, jmeter-jdbc=5.6.3, jmeter-jms=5.6.3, jmeter-junit=5.6.3, jmeter-java=5.6.3, jmeter-ldap=5.6.3, jmeter-mail=5.6.3, jmeter-mongodb=5.6.3, jmeter-native=5.6.3, jmeter-tcp=5.6.3, jmeter-components=5.6.3]
2026-02-17 11:43:02,057 INFO o.j.r.PluginManagerMenuItem: Plugins Manager has upgrades: [jpgc-plugins-manager]
2026-02-17 11:43:11,085 INFO o.a.j.s.FileServer: Default base='/Users/geielpeguero/Desktop/Geiel/supermercadosrd-v2/supermercados-rd'
2026-02-17 11:43:11,088 INFO o.a.j.g.a.Load: Loading file: /Users/geielpeguero/IdeaProjects/ms-cartolaelectronicaempresas-neg/external-test/load/jmeter/ms-cartolaelectronicaempresas-neg.jmx
2026-02-17 11:43:11,088 INFO o.a.j.s.FileServer: Set new base='/Users/geielpeguero/IdeaProjects/ms-cartolaelectronicaempresas-neg/external-test/load/jmeter'
2026-02-17 11:43:11,220 INFO o.a.j.s.SaveService: Testplan (JMX) version: 2.2. Testlog (JTL) version: 2.2
2026-02-17 11:43:11,228 INFO o.a.j.s.SaveService: Using SaveService properties version 5.0
2026-02-17 11:43:11,229 INFO o.a.j.s.SaveService: Using SaveService properties file encoding UTF-8
2026-02-17 11:43:11,230 INFO o.a.j.s.SaveService: Loading file: /Users/geielpeguero/IdeaProjects/ms-cartolaelectronicaempresas-neg/external-test/load/jmeter/ms-cartolaelectronicaempresas-neg.jmx
2026-02-17 11:43:11,304 INFO o.a.j.p.h.s.HTTPSamplerBase: Parser for text/html is org.apache.jmeter.protocol.http.parser.LagartoBasedHtmlParser
2026-02-17 11:43:11,304 INFO o.a.j.p.h.s.HTTPSamplerBase: Parser for application/xhtml+xml is org.apache.jmeter.protocol.http.parser.LagartoBasedHtmlParser
2026-02-17 11:43:11,304 INFO o.a.j.p.h.s.HTTPSamplerBase: Parser for application/xml is org.apache.jmeter.protocol.http.parser.LagartoBasedHtmlParser
2026-02-17 11:43:11,304 INFO o.a.j.p.h.s.HTTPSamplerBase: Parser for text/xml is org.apache.jmeter.protocol.http.parser.LagartoBasedHtmlParser
2026-02-17 11:43:11,304 INFO o.a.j.p.h.s.HTTPSamplerBase: Parser for text/vnd.wap.wml is org.apache.jmeter.protocol.http.parser.RegexpHTMLParser
2026-02-17 11:43:11,304 INFO o.a.j.p.h.s.HTTPSamplerBase: Parser for text/css is org.apache.jmeter.protocol.http.parser.CssParser
2026-02-17 11:43:11,679 INFO o.a.j.s.SampleResult: Note: Sample TimeStamps are START times
2026-02-17 11:43:11,679 INFO o.a.j.s.SampleResult: sampleresult.default.encoding is set to UTF-8
2026-02-17 11:43:11,679 INFO o.a.j.s.SampleResult: sampleresult.useNanoTime=true
2026-02-17 11:43:11,679 INFO o.a.j.s.SampleResult: sampleresult.nanoThreadSleep=5000
2026-02-17 11:43:11,734 INFO o.a.j.r.ClassFinder: Will scan jar /opt/homebrew/Cellar/jmeter/5.6.3/libexec/lib/ext/jmeter-plugins-manager-1.9.jar with filter ExtendsClassFilter [parents=[interface org.apache.jmeter.visualizers.ResultRenderer], inner=false, contains=null, notContains=null]. Consider exposing JMeter plugins via META-INF/services, and add JMeter-Skip-Class-Scanning=true manifest attribute so JMeter can skip classfile scanning
2026-02-17 11:43:11,745 INFO o.a.j.r.ClassFinder: Will scan jar /opt/homebrew/Cellar/jmeter/5.6.3/libexec/lib/ext/jmeter-plugins-manager-1.9.jar with filter ExtendsClassFilter [parents=[interface org.apache.jmeter.visualizers.RequestView], inner=false, contains=null, notContains=null]. Consider exposing JMeter plugins via META-INF/services, and add JMeter-Skip-Class-Scanning=true manifest attribute so JMeter can skip classfile scanning
2026-02-17 11:43:11,810 INFO o.a.j.s.FileServer: Set new base='/Users/geielpeguero/IdeaProjects/ms-cartolaelectronicaempresas-neg/external-test/load/jmeter'
2026-02-17 11:43:15,399 INFO o.a.j.e.StandardJMeterEngine: Running the test!
2026-02-17 11:43:15,400 INFO o.a.j.s.SampleEvent: List of sample_variables: []
2026-02-17 11:43:15,400 INFO o.a.j.s.SampleEvent: List of sample_variables: []
2026-02-17 11:43:15,401 INFO o.a.j.e.u.CompoundVariable: Note: Function class names must contain the string: '.functions.'
2026-02-17 11:43:15,401 INFO o.a.j.e.u.CompoundVariable: Note: Function class names must not contain the string: '.gui.'
2026-02-17 11:43:15,410 INFO o.a.j.r.ClassFinder: Will scan jar /opt/homebrew/Cellar/jmeter/5.6.3/libexec/lib/ext/jmeter-plugins-manager-1.9.jar with filter ExtendsClassFilter [parents=[interface org.apache.jmeter.functions.Function], inner=false, contains=null, notContains=null]. Consider exposing JMeter plugins via META-INF/services, and add JMeter-Skip-Class-Scanning=true manifest attribute so JMeter can skip classfile scanning
2026-02-17 11:43:15,426 INFO o.a.j.g.u.JMeterMenuBar: setRunning(true, *local*)
2026-02-17 11:43:15,462 INFO o.a.j.e.StandardJMeterEngine: Starting ThreadGroup: 1 : Thread Group - Login
2026-02-17 11:43:15,462 INFO o.a.j.e.StandardJMeterEngine: Starting 1 threads for group Thread Group - Login.
2026-02-17 11:43:15,462 INFO o.a.j.e.StandardJMeterEngine: Thread will continue on error
2026-02-17 11:43:15,462 INFO o.a.j.t.ThreadGroup: Starting thread group... number=1 threads=1 ramp-up=8 delayedStart=false
2026-02-17 11:43:15,466 INFO o.a.j.t.ThreadGroup: Started thread group number 1
2026-02-17 11:43:15,466 INFO o.a.j.e.StandardJMeterEngine: Waiting for thread group: Thread Group - Login to finish before starting next group
2026-02-17 11:43:15,466 INFO o.a.j.t.JMeterThread: Thread started: Thread Group - Login 1-1
2026-02-17 11:43:15,467 INFO o.a.j.s.FileServer: Stored: ./testdata.csv
2026-02-17 11:43:15,761 INFO o.a.j.p.h.s.HTTPHCAbstractImpl: Local host = Geiels-MacBook-Pro.local
2026-02-17 11:43:15,764 INFO o.a.j.p.h.s.HTTPHC4Impl: HTTP request retry count = 0
2026-02-17 11:43:19,053 INFO o.a.j.t.JMeterThread: Thread is done: Thread Group - Login 1-1
2026-02-17 11:43:19,054 INFO o.a.j.t.JMeterThread: Thread finished: Thread Group - Login 1-1
2026-02-17 11:43:19,054 INFO o.a.j.e.StandardJMeterEngine: Starting ThreadGroup: 2 : Sesion
2026-02-17 11:43:19,055 INFO o.a.j.e.StandardJMeterEngine: Starting 1 threads for group Sesion.
2026-02-17 11:43:19,055 INFO o.a.j.e.StandardJMeterEngine: Thread will continue on error
2026-02-17 11:43:19,055 INFO o.a.j.t.ThreadGroup: Starting thread group... number=2 threads=1 ramp-up=1 delayedStart=false
2026-02-17 11:43:19,056 INFO o.a.j.t.ThreadGroup: Started thread group number 2
2026-02-17 11:43:19,056 INFO o.a.j.e.StandardJMeterEngine: Waiting for thread group: Sesion to finish before starting next group
2026-02-17 11:43:19,056 INFO o.a.j.t.JMeterThread: Thread started: Sesion 2-1
2026-02-17 11:43:22,966 INFO o.a.j.t.JMeterThread: Thread is done: Sesion 2-1
2026-02-17 11:43:22,968 INFO o.a.j.t.JMeterThread: Thread finished: Sesion 2-1
2026-02-17 11:43:22,970 INFO o.a.j.e.StandardJMeterEngine: Starting ThreadGroup: 3 : ms-cartolaelectronicaempresas-neg
2026-02-17 11:43:22,971 INFO o.a.j.e.StandardJMeterEngine: Starting 40 threads for group ms-cartolaelectronicaempresas-neg.
2026-02-17 11:43:22,971 INFO o.a.j.e.StandardJMeterEngine: Thread will continue on error
2026-02-17 11:43:22,971 INFO o.a.j.t.ThreadGroup: Starting thread group... number=3 threads=40 ramp-up=8 delayedStart=false
2026-02-17 11:43:22,973 INFO o.a.j.t.JMeterThread: Thread started: ms-cartolaelectronicaempresas-neg 3-1
2026-02-17 11:43:22,998 INFO o.a.j.t.ThreadGroup: Started thread group number 3
2026-02-17 11:43:22,998 INFO o.a.j.e.StandardJMeterEngine: All thread groups have been started
2026-02-17 11:43:23,007 INFO o.a.j.s.FileServer: Stored: qa/cartolaConsolidada.csv
2026-02-17 11:43:23,175 INFO o.a.j.t.JMeterThread: Thread started: ms-cartolaelectronicaempresas-neg 3-2
2026-02-17 11:43:23,374 INFO o.a.j.t.JMeterThread: Thread started: ms-cartolaelectronicaempresas-neg 3-3
2026-02-17 11:43:23,577 INFO o.a.j.t.JMeterThread: Thread started: ms-cartolaelectronicaempresas-neg 3-4
2026-02-17 11:43:23,776 INFO o.a.j.t.JMeterThread: Thread started: ms-cartolaelectronicaempresas-neg 3-5
2026-02-17 11:43:23,978 INFO o.a.j.t.JMeterThread: Thread started: ms-cartolaelectronicaempresas-neg 3-6
2026-02-17 11:43:24,177 INFO o.a.j.t.JMeterThread: Thread started: ms-cartolaelectronicaempresas-neg 3-7
2026-02-17 11:43:24,376 INFO o.a.j.t.JMeterThread: Thread started: ms-cartolaelectronicaempresas-neg 3-8
2026-02-17 11:43:24,573 INFO o.a.j.t.JMeterThread: Thread started: ms-cartolaelectronicaempresas-neg 3-9
2026-02-17 11:43:24,778 INFO o.a.j.t.JMeterThread: Thread started: ms-cartolaelectronicaempresas-neg 3-10
2026-02-17 11:43:24,978 INFO o.a.j.t.JMeterThread: Thread started: ms-cartolaelectronicaempresas-neg 3-11
2026-02-17 11:43:25,178 INFO o.a.j.t.JMeterThread: Thread started: ms-cartolaelectronicaempresas-neg 3-12
2026-02-17 11:43:25,377 INFO o.a.j.t.JMeterThread: Thread started: ms-cartolaelectronicaempresas-neg 3-13
2026-02-17 11:43:25,578 INFO o.a.j.t.JMeterThread: Thread started: ms-cartolaelectronicaempresas-neg 3-14
2026-02-17 11:43:25,778 INFO o.a.j.t.JMeterThread: Thread started: ms-cartolaelectronicaempresas-neg 3-15
2026-02-17 11:43:25,976 INFO o.a.j.t.JMeterThread: Thread started: ms-cartolaelectronicaempresas-neg 3-16
2026-02-17 11:43:26,175 INFO o.a.j.t.JMeterThread: Thread started: ms-cartolaelectronicaempresas-neg 3-17
2026-02-17 11:43:26,378 INFO o.a.j.t.JMeterThread: Thread started: ms-cartolaelectronicaempresas-neg 3-18
2026-02-17 11:43:26,573 INFO o.a.j.t.JMeterThread: Thread started: ms-cartolaelectronicaempresas-neg 3-19
2026-02-17 11:43:26,777 INFO o.a.j.t.JMeterThread: Thread started: ms-cartolaelectronicaempresas-neg 3-20
2026-02-17 11:43:26,976 INFO o.a.j.t.JMeterThread: Thread started: ms-cartolaelectronicaempresas-neg 3-21
2026-02-17 11:43:27,176 INFO o.a.j.t.JMeterThread: Thread started: ms-cartolaelectronicaempresas-neg 3-22
2026-02-17 11:43:27,375 INFO o.a.j.t.JMeterThread: Thread started: ms-cartolaelectronicaempresas-neg 3-23
2026-02-17 11:43:27,572 INFO o.a.j.t.JMeterThread: Thread started: ms-cartolaelectronicaempresas-neg 3-24
2026-02-17 11:43:27,775 INFO o.a.j.t.JMeterThread: Thread started: ms-cartolaelectronicaempresas-neg 3-25
2026-02-17 11:43:27,974 INFO o.a.j.t.JMeterThread: Thread started: ms-cartolaelectronicaempresas-neg 3-26
2026-02-17 11:43:28,177 INFO o.a.j.t.JMeterThread: Thread started: ms-cartolaelectronicaempresas-neg 3-27
2026-02-17 11:43:28,375 INFO o.a.j.t.JMeterThread: Thread started: ms-cartolaelectronicaempresas-neg 3-28
2026-02-17 11:43:28,574 INFO o.a.j.t.JMeterThread: Thread started: ms-cartolaelectronicaempresas-neg 3-29
2026-02-17 11:43:28,778 INFO o.a.j.t.JMeterThread: Thread started: ms-cartolaelectronicaempresas-neg 3-30
2026-02-17 11:43:28,979 INFO o.a.j.t.JMeterThread: Thread started: ms-cartolaelectronicaempresas-neg 3-31
2026-02-17 11:43:29,177 INFO o.a.j.t.JMeterThread: Thread started: ms-cartolaelectronicaempresas-neg 3-32
2026-02-17 11:43:29,377 INFO o.a.j.t.JMeterThread: Thread started: ms-cartolaelectronicaempresas-neg 3-33
2026-02-17 11:43:29,581 INFO o.a.j.t.JMeterThread: Thread started: ms-cartolaelectronicaempresas-neg 3-34
2026-02-17 11:43:29,774 INFO o.a.j.t.JMeterThread: Thread started: ms-cartolaelectronicaempresas-neg 3-35
2026-02-17 11:43:29,978 INFO o.a.j.t.JMeterThread: Thread started: ms-cartolaelectronicaempresas-neg 3-36
2026-02-17 11:43:30,175 INFO o.a.j.t.JMeterThread: Thread started: ms-cartolaelectronicaempresas-neg 3-37
2026-02-17 11:43:30,378 INFO o.a.j.t.JMeterThread: Thread started: ms-cartolaelectronicaempresas-neg 3-38
2026-02-17 11:43:30,578 INFO o.a.j.t.JMeterThread: Thread started: ms-cartolaelectronicaempresas-neg 3-39
2026-02-17 11:43:30,775 INFO o.a.j.t.JMeterThread: Thread started: ms-cartolaelectronicaempresas-neg 3-40
2026-02-17 11:45:18,615 INFO o.a.j.t.JMeterThread: Thread is done: ms-cartolaelectronicaempresas-neg 3-27
2026-02-17 11:45:18,620 INFO o.a.j.t.JMeterThread: Thread finished: ms-cartolaelectronicaempresas-neg 3-27
2026-02-17 11:45:19,707 INFO o.a.j.t.JMeterThread: Thread is done: ms-cartolaelectronicaempresas-neg 3-3
2026-02-17 11:45:19,707 INFO o.a.j.t.JMeterThread: Thread finished: ms-cartolaelectronicaempresas-neg 3-3
2026-02-17 11:46:26,001 INFO o.a.j.t.JMeterThread: Thread is done: ms-cartolaelectronicaempresas-neg 3-2
2026-02-17 11:46:26,003 INFO o.a.j.t.JMeterThread: Thread finished: ms-cartolaelectronicaempresas-neg 3-2
2026-02-17 11:46:27,028 INFO o.a.j.t.JMeterThread: Thread is done: ms-cartolaelectronicaempresas-neg 3-4
2026-02-17 11:46:27,029 INFO o.a.j.t.JMeterThread: Thread finished: ms-cartolaelectronicaempresas-neg 3-4
2026-02-17 11:46:27,028 INFO o.a.j.t.JMeterThread: Thread is done: ms-cartolaelectronicaempresas-neg 3-1
2026-02-17 11:46:27,029 INFO o.a.j.t.JMeterThread: Thread finished: ms-cartolaelectronicaempresas-neg 3-1
2026-02-17 11:46:27,419 INFO o.a.j.t.JMeterThread: Thread is done: ms-cartolaelectronicaempresas-neg 3-5
2026-02-17 11:46:27,419 INFO o.a.j.t.JMeterThread: Thread finished: ms-cartolaelectronicaempresas-neg 3-5
2026-02-17 11:46:27,433 INFO o.a.j.t.JMeterThread: Thread is done: ms-cartolaelectronicaempresas-neg 3-6
2026-02-17 11:46:27,433 INFO o.a.j.t.JMeterThread: Thread finished: ms-cartolaelectronicaempresas-neg 3-6
2026-02-17 11:46:27,853 INFO o.a.j.t.JMeterThread: Thread is done: ms-cartolaelectronicaempresas-neg 3-7
2026-02-17 11:46:27,855 INFO o.a.j.t.JMeterThread: Thread finished: ms-cartolaelectronicaempresas-neg 3-7
2026-02-17 11:46:27,857 INFO o.a.j.t.JMeterThread: Thread is done: ms-cartolaelectronicaempresas-neg 3-8
2026-02-17 11:46:27,857 INFO o.a.j.t.JMeterThread: Thread finished: ms-cartolaelectronicaempresas-neg 3-8
2026-02-17 11:46:28,165 INFO o.a.j.t.JMeterThread: Thread is done: ms-cartolaelectronicaempresas-neg 3-9
2026-02-17 11:46:28,165 INFO o.a.j.t.JMeterThread: Thread finished: ms-cartolaelectronicaempresas-neg 3-9
2026-02-17 11:46:29,061 INFO o.a.j.t.JMeterThread: Thread is done: ms-cartolaelectronicaempresas-neg 3-13
2026-02-17 11:46:29,061 INFO o.a.j.t.JMeterThread: Thread finished: ms-cartolaelectronicaempresas-neg 3-13
2026-02-17 11:46:29,081 INFO o.a.j.t.JMeterThread: Thread is done: ms-cartolaelectronicaempresas-neg 3-11
2026-02-17 11:46:29,081 INFO o.a.j.t.JMeterThread: Thread finished: ms-cartolaelectronicaempresas-neg 3-11
2026-02-17 11:46:29,082 INFO o.a.j.t.JMeterThread: Thread is done: ms-cartolaelectronicaempresas-neg 3-10
2026-02-17 11:46:29,082 INFO o.a.j.t.JMeterThread: Thread finished: ms-cartolaelectronicaempresas-neg 3-10
2026-02-17 11:46:29,366 INFO o.a.j.t.JMeterThread: Thread is done: ms-cartolaelectronicaempresas-neg 3-12
2026-02-17 11:46:29,366 INFO o.a.j.t.JMeterThread: Thread finished: ms-cartolaelectronicaempresas-neg 3-12
2026-02-17 11:46:29,381 INFO o.a.j.t.JMeterThread: Thread is done: ms-cartolaelectronicaempresas-neg 3-14
2026-02-17 11:46:29,381 INFO o.a.j.t.JMeterThread: Thread finished: ms-cartolaelectronicaempresas-neg 3-14
2026-02-17 11:46:30,163 INFO o.a.j.t.JMeterThread: Thread is done: ms-cartolaelectronicaempresas-neg 3-15
2026-02-17 11:46:30,163 INFO o.a.j.t.JMeterThread: Thread finished: ms-cartolaelectronicaempresas-neg 3-15
2026-02-17 11:46:30,250 INFO o.a.j.t.JMeterThread: Thread is done: ms-cartolaelectronicaempresas-neg 3-17
2026-02-17 11:46:30,250 INFO o.a.j.t.JMeterThread: Thread finished: ms-cartolaelectronicaempresas-neg 3-17
2026-02-17 11:46:30,498 INFO o.a.j.t.JMeterThread: Thread is done: ms-cartolaelectronicaempresas-neg 3-16
2026-02-17 11:46:30,498 INFO o.a.j.t.JMeterThread: Thread finished: ms-cartolaelectronicaempresas-neg 3-16
2026-02-17 11:46:30,864 INFO o.a.j.t.JMeterThread: Thread is done: ms-cartolaelectronicaempresas-neg 3-18
2026-02-17 11:46:30,864 INFO o.a.j.t.JMeterThread: Thread finished: ms-cartolaelectronicaempresas-neg 3-18
2026-02-17 11:46:31,157 INFO o.a.j.t.JMeterThread: Thread is done: ms-cartolaelectronicaempresas-neg 3-28
2026-02-17 11:46:31,157 INFO o.a.j.t.JMeterThread: Thread finished: ms-cartolaelectronicaempresas-neg 3-28
2026-02-17 11:46:31,777 INFO o.a.j.t.JMeterThread: Thread is done: ms-cartolaelectronicaempresas-neg 3-20
2026-02-17 11:46:31,777 INFO o.a.j.t.JMeterThread: Thread finished: ms-cartolaelectronicaempresas-neg 3-20
2026-02-17 11:46:31,784 INFO o.a.j.t.JMeterThread: Thread is done: ms-cartolaelectronicaempresas-neg 3-31
2026-02-17 11:46:31,785 INFO o.a.j.t.JMeterThread: Thread finished: ms-cartolaelectronicaempresas-neg 3-31
2026-02-17 11:46:32,132 INFO o.a.j.t.JMeterThread: Thread is done: ms-cartolaelectronicaempresas-neg 3-33
2026-02-17 11:46:32,132 INFO o.a.j.t.JMeterThread: Thread finished: ms-cartolaelectronicaempresas-neg 3-33
2026-02-17 11:46:32,395 INFO o.a.j.t.JMeterThread: Thread is done: ms-cartolaelectronicaempresas-neg 3-34
2026-02-17 11:46:32,395 INFO o.a.j.t.JMeterThread: Thread finished: ms-cartolaelectronicaempresas-neg 3-34
2026-02-17 11:46:32,572 INFO o.a.j.t.JMeterThread: Thread is done: ms-cartolaelectronicaempresas-neg 3-35
2026-02-17 11:46:32,572 INFO o.a.j.t.JMeterThread: Thread finished: ms-cartolaelectronicaempresas-neg 3-35
2026-02-17 11:46:32,720 INFO o.a.j.t.JMeterThread: Thread is done: ms-cartolaelectronicaempresas-neg 3-36
2026-02-17 11:46:32,721 INFO o.a.j.t.JMeterThread: Thread finished: ms-cartolaelectronicaempresas-neg 3-36
2026-02-17 11:46:32,942 INFO o.a.j.t.JMeterThread: Thread is done: ms-cartolaelectronicaempresas-neg 3-37
2026-02-17 11:46:32,942 INFO o.a.j.t.JMeterThread: Thread finished: ms-cartolaelectronicaempresas-neg 3-37
2026-02-17 11:46:33,139 INFO o.a.j.t.JMeterThread: Thread is done: ms-cartolaelectronicaempresas-neg 3-38
2026-02-17 11:46:33,139 INFO o.a.j.t.JMeterThread: Thread finished: ms-cartolaelectronicaempresas-neg 3-38
2026-02-17 11:46:33,370 INFO o.a.j.t.JMeterThread: Thread is done: ms-cartolaelectronicaempresas-neg 3-39
2026-02-17 11:46:33,371 INFO o.a.j.t.JMeterThread: Thread finished: ms-cartolaelectronicaempresas-neg 3-39
2026-02-17 11:46:33,567 INFO o.a.j.t.JMeterThread: Thread is done: ms-cartolaelectronicaempresas-neg 3-40
2026-02-17 11:46:33,567 INFO o.a.j.t.JMeterThread: Thread finished: ms-cartolaelectronicaempresas-neg 3-40
2026-02-17 11:46:41,331 INFO o.a.j.t.JMeterThread: Thread is done: ms-cartolaelectronicaempresas-neg 3-21
2026-02-17 11:46:41,332 INFO o.a.j.t.JMeterThread: Thread finished: ms-cartolaelectronicaempresas-neg 3-21
2026-02-17 11:46:41,333 INFO o.a.j.t.JMeterThread: Thread is done: ms-cartolaelectronicaempresas-neg 3-22
2026-02-17 11:46:41,333 INFO o.a.j.t.JMeterThread: Thread finished: ms-cartolaelectronicaempresas-neg 3-22
2026-02-17 11:46:41,336 INFO o.a.j.t.JMeterThread: Thread is done: ms-cartolaelectronicaempresas-neg 3-19
2026-02-17 11:46:41,336 INFO o.a.j.t.JMeterThread: Thread finished: ms-cartolaelectronicaempresas-neg 3-19
2026-02-17 11:46:42,042 INFO o.a.j.t.JMeterThread: Thread is done: ms-cartolaelectronicaempresas-neg 3-24
2026-02-17 11:46:42,042 INFO o.a.j.t.JMeterThread: Thread finished: ms-cartolaelectronicaempresas-neg 3-24
2026-02-17 11:46:42,049 INFO o.a.j.t.JMeterThread: Thread is done: ms-cartolaelectronicaempresas-neg 3-23
2026-02-17 11:46:42,049 INFO o.a.j.t.JMeterThread: Thread finished: ms-cartolaelectronicaempresas-neg 3-23
2026-02-17 11:46:42,099 INFO o.a.j.t.JMeterThread: Thread is done: ms-cartolaelectronicaempresas-neg 3-25
2026-02-17 11:46:42,100 INFO o.a.j.t.JMeterThread: Thread finished: ms-cartolaelectronicaempresas-neg 3-25
2026-02-17 11:46:42,591 INFO o.a.j.t.JMeterThread: Thread is done: ms-cartolaelectronicaempresas-neg 3-26
2026-02-17 11:46:42,591 INFO o.a.j.t.JMeterThread: Thread finished: ms-cartolaelectronicaempresas-neg 3-26
2026-02-17 11:46:42,646 INFO o.a.j.t.JMeterThread: Thread is done: ms-cartolaelectronicaempresas-neg 3-30
2026-02-17 11:46:42,647 INFO o.a.j.t.JMeterThread: Thread finished: ms-cartolaelectronicaempresas-neg 3-30
2026-02-17 11:46:43,072 INFO o.a.j.t.JMeterThread: Thread is done: ms-cartolaelectronicaempresas-neg 3-29
2026-02-17 11:46:43,072 INFO o.a.j.t.JMeterThread: Thread finished: ms-cartolaelectronicaempresas-neg 3-29
2026-02-17 11:46:43,338 INFO o.a.j.t.JMeterThread: Thread is done: ms-cartolaelectronicaempresas-neg 3-32
2026-02-17 11:46:43,338 INFO o.a.j.t.JMeterThread: Thread finished: ms-cartolaelectronicaempresas-neg 3-32
2026-02-17 11:46:43,339 INFO o.a.j.e.StandardJMeterEngine: Notifying test listeners of end of test
2026-02-17 11:46:43,339 INFO o.a.j.s.FileServer: Close: ./testdata.csv
2026-02-17 11:46:43,340 INFO o.a.j.s.FileServer: Close: qa/cartolaConsolidada.csv
2026-02-17 11:46:43,345 INFO o.a.j.g.u.JMeterMenuBar: setRunning(false, *local*)
2026-02-17 11:55:52,009 INFO o.a.j.e.StandardJMeterEngine: Running the test!
2026-02-17 11:55:52,012 INFO o.a.j.s.SampleEvent: List of sample_variables: []
2026-02-17 11:55:52,014 INFO o.a.j.g.u.JMeterMenuBar: setRunning(true, *local*)
2026-02-17 11:55:52,097 INFO o.a.j.e.StandardJMeterEngine: Starting ThreadGroup: 1 : Thread Group - Login
2026-02-17 11:55:52,097 INFO o.a.j.e.StandardJMeterEngine: Starting 1 threads for group Thread Group - Login.
2026-02-17 11:55:52,097 INFO o.a.j.e.StandardJMeterEngine: Thread will continue on error
2026-02-17 11:55:52,098 INFO o.a.j.t.ThreadGroup: Starting thread group... number=1 threads=1 ramp-up=8 delayedStart=false
2026-02-17 11:55:52,101 INFO o.a.j.t.ThreadGroup: Started thread group number 1
2026-02-17 11:55:52,101 INFO o.a.j.e.StandardJMeterEngine: Waiting for thread group: Thread Group - Login to finish before starting next group
2026-02-17 11:55:52,101 INFO o.a.j.t.JMeterThread: Thread started: Thread Group - Login 1-1
2026-02-17 11:55:52,102 INFO o.a.j.s.FileServer: Stored: ./testdata.csv
2026-02-17 11:55:55,187 INFO o.a.j.t.JMeterThread: Thread is done: Thread Group - Login 1-1
2026-02-17 11:55:55,187 INFO o.a.j.t.JMeterThread: Thread finished: Thread Group - Login 1-1
2026-02-17 11:55:55,187 INFO o.a.j.e.StandardJMeterEngine: Starting ThreadGroup: 2 : Sesion
2026-02-17 11:55:55,188 INFO o.a.j.e.StandardJMeterEngine: Starting 1 threads for group Sesion.
2026-02-17 11:55:55,188 INFO o.a.j.e.StandardJMeterEngine: Thread will continue on error
2026-02-17 11:55:55,188 INFO o.a.j.t.ThreadGroup: Starting thread group... number=2 threads=1 ramp-up=1 delayedStart=false
2026-02-17 11:55:55,189 INFO o.a.j.t.ThreadGroup: Started thread group number 2
2026-02-17 11:55:55,189 INFO o.a.j.e.StandardJMeterEngine: Waiting for thread group: Sesion to finish before starting next group
2026-02-17 11:55:55,189 INFO o.a.j.t.JMeterThread: Thread started: Sesion 2-1
2026-02-17 11:55:58,436 INFO o.a.j.t.JMeterThread: Thread is done: Sesion 2-1
2026-02-17 11:55:58,436 INFO o.a.j.t.JMeterThread: Thread finished: Sesion 2-1
2026-02-17 11:55:58,437 INFO o.a.j.e.StandardJMeterEngine: Starting ThreadGroup: 3 : ms-cartolaelectronicaempresas-neg
2026-02-17 11:55:58,437 INFO o.a.j.e.StandardJMeterEngine: Starting 40 threads for group ms-cartolaelectronicaempresas-neg.
2026-02-17 11:55:58,437 INFO o.a.j.e.StandardJMeterEngine: Thread will continue on error
2026-02-17 11:55:58,437 INFO o.a.j.t.ThreadGroup: Starting thread group... number=3 threads=40 ramp-up=8 delayedStart=false
2026-02-17 11:55:58,440 INFO o.a.j.t.JMeterThread: Thread started: ms-cartolaelectronicaempresas-neg 3-1
2026-02-17 11:55:58,450 INFO o.a.j.s.FileServer: Stored: qa/cartolaConsolidada.csv
2026-02-17 11:55:58,456 INFO o.a.j.t.ThreadGroup: Started thread group number 3
2026-02-17 11:55:58,456 INFO o.a.j.e.StandardJMeterEngine: All thread groups have been started
2026-02-17 11:55:58,644 INFO o.a.j.t.JMeterThread: Thread started: ms-cartolaelectronicaempresas-neg 3-2
2026-02-17 11:55:58,844 INFO o.a.j.t.JMeterThread: Thread started: ms-cartolaelectronicaempresas-neg 3-3
2026-02-17 11:55:59,043 INFO o.a.j.t.JMeterThread: Thread started: ms-cartolaelectronicaempresas-neg 3-4
2026-02-17 11:55:59,240 INFO o.a.j.t.JMeterThread: Thread started: ms-cartolaelectronicaempresas-neg 3-5
2026-02-17 11:55:59,443 INFO o.a.j.t.JMeterThread: Thread started: ms-cartolaelectronicaempresas-neg 3-6
2026-02-17 11:55:59,644 INFO o.a.j.t.JMeterThread: Thread started: ms-cartolaelectronicaempresas-neg 3-7
2026-02-17 11:55:59,843 INFO o.a.j.t.JMeterThread: Thread started: ms-cartolaelectronicaempresas-neg 3-8
2026-02-17 11:56:00,042 INFO o.a.j.t.JMeterThread: Thread started: ms-cartolaelectronicaempresas-neg 3-9
2026-02-17 11:56:00,244 INFO o.a.j.t.JMeterThread: Thread started: ms-cartolaelectronicaempresas-neg 3-10
2026-02-17 11:56:00,441 INFO o.a.j.t.JMeterThread: Thread started: ms-cartolaelectronicaempresas-neg 3-11
2026-02-17 11:56:00,641 INFO o.a.j.t.JMeterThread: Thread started: ms-cartolaelectronicaempresas-neg 3-12
2026-02-17 11:56:00,843 INFO o.a.j.t.JMeterThread: Thread started: ms-cartolaelectronicaempresas-neg 3-13
2026-02-17 11:56:01,041 INFO o.a.j.t.JMeterThread: Thread started: ms-cartolaelectronicaempresas-neg 3-14
2026-02-17 11:56:01,240 INFO o.a.j.t.JMeterThread: Thread started: ms-cartolaelectronicaempresas-neg 3-15
2026-02-17 11:56:01,442 INFO o.a.j.t.JMeterThread: Thread started: ms-cartolaelectronicaempresas-neg 3-16
2026-02-17 11:56:01,640 INFO o.a.j.t.JMeterThread: Thread started: ms-cartolaelectronicaempresas-neg 3-17
2026-02-17 11:56:01,841 INFO o.a.j.t.JMeterThread: Thread started: ms-cartolaelectronicaempresas-neg 3-18
2026-02-17 11:56:02,039 INFO o.a.j.t.JMeterThread: Thread started: ms-cartolaelectronicaempresas-neg 3-19
2026-02-17 11:56:02,242 INFO o.a.j.t.JMeterThread: Thread started: ms-cartolaelectronicaempresas-neg 3-20
2026-02-17 11:56:02,443 INFO o.a.j.t.JMeterThread: Thread started: ms-cartolaelectronicaempresas-neg 3-21
2026-02-17 11:56:02,642 INFO o.a.j.t.JMeterThread: Thread started: ms-cartolaelectronicaempresas-neg 3-22
2026-02-17 11:56:02,843 INFO o.a.j.t.JMeterThread: Thread started: ms-cartolaelectronicaempresas-neg 3-23
2026-02-17 11:56:03,041 INFO o.a.j.t.JMeterThread: Thread started: ms-cartolaelectronicaempresas-neg 3-24
2026-02-17 11:56:03,241 INFO o.a.j.t.JMeterThread: Thread started: ms-cartolaelectronicaempresas-neg 3-25
2026-02-17 11:56:03,442 INFO o.a.j.t.JMeterThread: Thread started: ms-cartolaelectronicaempresas-neg 3-26
2026-02-17 11:56:03,641 INFO o.a.j.t.JMeterThread: Thread started: ms-cartolaelectronicaempresas-neg 3-27
2026-02-17 11:56:03,843 INFO o.a.j.t.JMeterThread: Thread started: ms-cartolaelectronicaempresas-neg 3-28
2026-02-17 11:56:04,044 INFO o.a.j.t.JMeterThread: Thread started: ms-cartolaelectronicaempresas-neg 3-29
2026-02-17 11:56:04,245 INFO o.a.j.t.JMeterThread: Thread started: ms-cartolaelectronicaempresas-neg 3-30
2026-02-17 11:56:04,442 INFO o.a.j.t.JMeterThread: Thread started: ms-cartolaelectronicaempresas-neg 3-31
2026-02-17 11:56:04,641 INFO o.a.j.t.JMeterThread: Thread started: ms-cartolaelectronicaempresas-neg 3-32
2026-02-17 11:56:04,842 INFO o.a.j.t.JMeterThread: Thread started: ms-cartolaelectronicaempresas-neg 3-33
2026-02-17 11:56:05,043 INFO o.a.j.t.JMeterThread: Thread started: ms-cartolaelectronicaempresas-neg 3-34
2026-02-17 11:56:05,243 INFO o.a.j.t.JMeterThread: Thread started: ms-cartolaelectronicaempresas-neg 3-35
2026-02-17 11:56:05,443 INFO o.a.j.t.JMeterThread: Thread started: ms-cartolaelectronicaempresas-neg 3-36
2026-02-17 11:56:05,639 INFO o.a.j.t.JMeterThread: Thread started: ms-cartolaelectronicaempresas-neg 3-37
2026-02-17 11:56:05,843 INFO o.a.j.t.JMeterThread: Thread started: ms-cartolaelectronicaempresas-neg 3-38
2026-02-17 11:56:06,040 INFO o.a.j.t.JMeterThread: Thread started: ms-cartolaelectronicaempresas-neg 3-39
2026-02-17 11:56:06,244 INFO o.a.j.t.JMeterThread: Thread started: ms-cartolaelectronicaempresas-neg 3-40
2026-02-17 11:56:24,606 INFO o.a.j.t.JMeterThread: Thread is done: ms-cartolaelectronicaempresas-neg 3-29
2026-02-17 11:56:24,607 INFO o.a.j.t.JMeterThread: Thread finished: ms-cartolaelectronicaempresas-neg 3-29
2026-02-17 11:56:24,611 INFO o.a.j.t.JMeterThread: Thread is done: ms-cartolaelectronicaempresas-neg 3-21
2026-02-17 11:56:24,611 INFO o.a.j.t.JMeterThread: Thread finished: ms-cartolaelectronicaempresas-neg 3-21
2026-02-17 11:56:25,000 INFO o.a.j.t.JMeterThread: Thread is done: ms-cartolaelectronicaempresas-neg 3-13
2026-02-17 11:56:25,000 INFO o.a.j.t.JMeterThread: Thread is done: ms-cartolaelectronicaempresas-neg 3-12
2026-02-17 11:56:25,000 INFO o.a.j.t.JMeterThread: Thread finished: ms-cartolaelectronicaempresas-neg 3-13
2026-02-17 11:56:25,000 INFO o.a.j.t.JMeterThread: Thread finished: ms-cartolaelectronicaempresas-neg 3-12
2026-02-17 11:56:25,003 INFO o.a.j.t.JMeterThread: Thread is done: ms-cartolaelectronicaempresas-neg 3-17
2026-02-17 11:56:25,003 INFO o.a.j.t.JMeterThread: Thread finished: ms-cartolaelectronicaempresas-neg 3-17
2026-02-17 11:56:25,014 INFO o.a.j.t.JMeterThread: Thread is done: ms-cartolaelectronicaempresas-neg 3-24
2026-02-17 11:56:25,014 INFO o.a.j.t.JMeterThread: Thread finished: ms-cartolaelectronicaempresas-neg 3-24
2026-02-17 11:56:25,161 INFO o.a.j.t.JMeterThread: Thread is done: ms-cartolaelectronicaempresas-neg 3-28
2026-02-17 11:56:25,162 INFO o.a.j.t.JMeterThread: Thread finished: ms-cartolaelectronicaempresas-neg 3-28
2026-02-17 11:56:25,322 INFO o.a.j.t.JMeterThread: Thread is done: ms-cartolaelectronicaempresas-neg 3-7
2026-02-17 11:56:25,322 INFO o.a.j.t.JMeterThread: Thread finished: ms-cartolaelectronicaempresas-neg 3-7
2026-02-17 11:56:25,322 INFO o.a.j.t.JMeterThread: Thread is done: ms-cartolaelectronicaempresas-neg 3-22
2026-02-17 11:56:25,322 INFO o.a.j.t.JMeterThread: Thread finished: ms-cartolaelectronicaempresas-neg 3-22
2026-02-17 11:56:25,328 INFO o.a.j.t.JMeterThread: Thread is done: ms-cartolaelectronicaempresas-neg 3-3
2026-02-17 11:56:25,328 INFO o.a.j.t.JMeterThread: Thread is done: ms-cartolaelectronicaempresas-neg 3-5
2026-02-17 11:56:25,328 INFO o.a.j.t.JMeterThread: Thread finished: ms-cartolaelectronicaempresas-neg 3-3
2026-02-17 11:56:25,328 INFO o.a.j.t.JMeterThread: Thread finished: ms-cartolaelectronicaempresas-neg 3-5
2026-02-17 11:56:25,380 INFO o.a.j.t.JMeterThread: Thread is done: ms-cartolaelectronicaempresas-neg 3-18
2026-02-17 11:56:25,380 INFO o.a.j.t.JMeterThread: Thread is done: ms-cartolaelectronicaempresas-neg 3-4
2026-02-17 11:56:25,380 INFO o.a.j.t.JMeterThread: Thread finished: ms-cartolaelectronicaempresas-neg 3-4
2026-02-17 11:56:25,380 INFO o.a.j.t.JMeterThread: Thread finished: ms-cartolaelectronicaempresas-neg 3-18
2026-02-17 11:56:25,652 INFO o.a.j.t.JMeterThread: Thread is done: ms-cartolaelectronicaempresas-neg 3-25
2026-02-17 11:56:25,652 INFO o.a.j.t.JMeterThread: Thread finished: ms-cartolaelectronicaempresas-neg 3-25
2026-02-17 11:56:25,662 INFO o.a.j.t.JMeterThread: Thread is done: ms-cartolaelectronicaempresas-neg 3-1
2026-02-17 11:56:25,662 INFO o.a.j.t.JMeterThread: Thread finished: ms-cartolaelectronicaempresas-neg 3-1
2026-02-17 11:56:25,662 INFO o.a.j.t.JMeterThread: Thread is done: ms-cartolaelectronicaempresas-neg 3-2
2026-02-17 11:56:25,663 INFO o.a.j.t.JMeterThread: Thread finished: ms-cartolaelectronicaempresas-neg 3-2
2026-02-17 11:56:25,706 INFO o.a.j.t.JMeterThread: Thread is done: ms-cartolaelectronicaempresas-neg 3-15
2026-02-17 11:56:25,706 INFO o.a.j.t.JMeterThread: Thread is done: ms-cartolaelectronicaempresas-neg 3-19
2026-02-17 11:56:25,706 INFO o.a.j.t.JMeterThread: Thread is done: ms-cartolaelectronicaempresas-neg 3-10
2026-02-17 11:56:25,706 INFO o.a.j.t.JMeterThread: Thread is done: ms-cartolaelectronicaempresas-neg 3-16
2026-02-17 11:56:25,707 INFO o.a.j.t.JMeterThread: Thread finished: ms-cartolaelectronicaempresas-neg 3-16
2026-02-17 11:56:25,707 INFO o.a.j.t.JMeterThread: Thread finished: ms-cartolaelectronicaempresas-neg 3-15
2026-02-17 11:56:25,706 INFO o.a.j.t.JMeterThread: Thread is done: ms-cartolaelectronicaempresas-neg 3-11
2026-02-17 11:56:25,707 INFO o.a.j.t.JMeterThread: Thread finished: ms-cartolaelectronicaempresas-neg 3-19
2026-02-17 11:56:25,707 INFO o.a.j.t.JMeterThread: Thread finished: ms-cartolaelectronicaempresas-neg 3-11
2026-02-17 11:56:25,707 INFO o.a.j.t.JMeterThread: Thread finished: ms-cartolaelectronicaempresas-neg 3-10
2026-02-17 11:56:25,795 INFO o.a.j.t.JMeterThread: Thread is done: ms-cartolaelectronicaempresas-neg 3-6
2026-02-17 11:56:25,795 INFO o.a.j.t.JMeterThread: Thread finished: ms-cartolaelectronicaempresas-neg 3-6
2026-02-17 11:56:25,797 INFO o.a.j.t.JMeterThread: Thread is done: ms-cartolaelectronicaempresas-neg 3-20
2026-02-17 11:56:25,797 INFO o.a.j.t.JMeterThread: Thread finished: ms-cartolaelectronicaempresas-neg 3-20
2026-02-17 11:56:25,797 INFO o.a.j.t.JMeterThread: Thread is done: ms-cartolaelectronicaempresas-neg 3-23
2026-02-17 11:56:25,797 INFO o.a.j.t.JMeterThread: Thread finished: ms-cartolaelectronicaempresas-neg 3-23
2026-02-17 11:56:25,838 INFO o.a.j.t.JMeterThread: Thread is done: ms-cartolaelectronicaempresas-neg 3-33
2026-02-17 11:56:25,838 INFO o.a.j.t.JMeterThread: Thread finished: ms-cartolaelectronicaempresas-neg 3-33
2026-02-17 11:56:25,852 INFO o.a.j.t.JMeterThread: Thread is done: ms-cartolaelectronicaempresas-neg 3-14
2026-02-17 11:56:25,852 INFO o.a.j.t.JMeterThread: Thread finished: ms-cartolaelectronicaempresas-neg 3-14
2026-02-17 11:56:25,985 INFO o.a.j.t.JMeterThread: Thread is done: ms-cartolaelectronicaempresas-neg 3-9
2026-02-17 11:56:25,985 INFO o.a.j.t.JMeterThread: Thread is done: ms-cartolaelectronicaempresas-neg 3-8
2026-02-17 11:56:25,985 INFO o.a.j.t.JMeterThread: Thread finished: ms-cartolaelectronicaempresas-neg 3-9
2026-02-17 11:56:25,985 INFO o.a.j.t.JMeterThread: Thread finished: ms-cartolaelectronicaempresas-neg 3-8
2026-02-17 11:56:25,996 INFO o.a.j.t.JMeterThread: Thread is done: ms-cartolaelectronicaempresas-neg 3-26
2026-02-17 11:56:25,997 INFO o.a.j.t.JMeterThread: Thread finished: ms-cartolaelectronicaempresas-neg 3-26
2026-02-17 11:56:25,997 INFO o.a.j.t.JMeterThread: Thread is done: ms-cartolaelectronicaempresas-neg 3-32
2026-02-17 11:56:25,997 INFO o.a.j.t.JMeterThread: Thread finished: ms-cartolaelectronicaempresas-neg 3-32
2026-02-17 11:56:26,289 INFO o.a.j.t.JMeterThread: Thread is done: ms-cartolaelectronicaempresas-neg 3-35
2026-02-17 11:56:26,289 INFO o.a.j.t.JMeterThread: Thread is done: ms-cartolaelectronicaempresas-neg 3-27
2026-02-17 11:56:26,289 INFO o.a.j.t.JMeterThread: Thread finished: ms-cartolaelectronicaempresas-neg 3-35
2026-02-17 11:56:26,289 INFO o.a.j.t.JMeterThread: Thread finished: ms-cartolaelectronicaempresas-neg 3-27
2026-02-17 11:56:26,389 INFO o.a.j.t.JMeterThread: Thread is done: ms-cartolaelectronicaempresas-neg 3-37
2026-02-17 11:56:26,390 INFO o.a.j.t.JMeterThread: Thread finished: ms-cartolaelectronicaempresas-neg 3-37
2026-02-17 11:56:26,448 INFO o.a.j.t.JMeterThread: Thread is done: ms-cartolaelectronicaempresas-neg 3-38
2026-02-17 11:56:26,448 INFO o.a.j.t.JMeterThread: Thread is done: ms-cartolaelectronicaempresas-neg 3-30
2026-02-17 11:56:26,449 INFO o.a.j.t.JMeterThread: Thread finished: ms-cartolaelectronicaempresas-neg 3-38
2026-02-17 11:56:26,449 INFO o.a.j.t.JMeterThread: Thread is done: ms-cartolaelectronicaempresas-neg 3-34
2026-02-17 11:56:26,449 INFO o.a.j.t.JMeterThread: Thread finished: ms-cartolaelectronicaempresas-neg 3-34
2026-02-17 11:56:26,449 INFO o.a.j.t.JMeterThread: Thread finished: ms-cartolaelectronicaempresas-neg 3-30
2026-02-17 11:56:26,582 INFO o.a.j.t.JMeterThread: Thread is done: ms-cartolaelectronicaempresas-neg 3-36
2026-02-17 11:56:26,582 INFO o.a.j.t.JMeterThread: Thread finished: ms-cartolaelectronicaempresas-neg 3-36
2026-02-17 11:56:26,593 INFO o.a.j.t.JMeterThread: Thread is done: ms-cartolaelectronicaempresas-neg 3-39
2026-02-17 11:56:26,593 INFO o.a.j.t.JMeterThread: Thread finished: ms-cartolaelectronicaempresas-neg 3-39
2026-02-17 11:56:27,235 INFO o.a.j.t.JMeterThread: Thread is done: ms-cartolaelectronicaempresas-neg 3-40
2026-02-17 11:56:27,236 INFO o.a.j.t.JMeterThread: Thread finished: ms-cartolaelectronicaempresas-neg 3-40
2026-02-17 11:56:27,244 INFO o.a.j.t.JMeterThread: Thread is done: ms-cartolaelectronicaempresas-neg 3-31
2026-02-17 11:56:27,245 INFO o.a.j.t.JMeterThread: Thread finished: ms-cartolaelectronicaempresas-neg 3-31
2026-02-17 11:56:27,246 INFO o.a.j.e.StandardJMeterEngine: Notifying test listeners of end of test
2026-02-17 11:56:27,246 INFO o.a.j.s.FileServer: Close: ./testdata.csv
2026-02-17 11:56:27,246 INFO o.a.j.s.FileServer: Close: qa/cartolaConsolidada.csv
2026-02-17 11:56:27,248 INFO o.a.j.g.u.JMeterMenuBar: setRunning(false, *local*)
